-- -*- M2-comint -*- {* hash: 1959835755 *}
--loading configuration for package "FourTiTwo" from file /Users/saralamboglia/Library/Application Support/Macaulay2/init-FourTiTwo.m2
--loading configuration for package "gfanInterface2" from file /Users/saralamboglia/Library/Application Support/Macaulay2/init-gfanInterface2.m2
--loading configuration for package "Tropical" from file /Users/saralamboglia/Library/Application Support/Macaulay2/init-Tropical.m2
-- polymake not present

i1 : QQ[x,y];

i2 : I=ideal(x+y+1);

o2 : Ideal of QQ[x, y]

i3 : T=tropicalVariety(I)
ideal(AA + x + y)

o3 = T

o3 : TropicalCycle

i4 : 5+5

o4 = 10

i5 : rays(T)

o5 = | 1 -1 0 |
     | 0 -1 1 |

              2        3
o5 : Matrix ZZ  <--- ZZ

i6 : maxCones(T)

o6 = {{1}, {0}, {2}}

o6 : List

i7 : linealitySpace T

o7 = 0

              2
o7 : Matrix ZZ  <--- 0

i8 : QQ[x,y,z,w];

i9 : I=intersect(ideal(x+y+z+w),ideal(x-y,y-z));

o9 : Ideal of QQ[x, y, z, w]

i10 : T= tropicalVariety(I,Prime=>false);

i11 : rays(T)

o11 = | 1  3  1  -1 1  -1 -1 -1 |
      | 1  -1 1  3  -1 1  -1 -1 |
      | 1  -1 -1 -1 1  1  3  -1 |
      | -3 -1 -1 -1 -1 -1 -1 3  |

               4        8
o11 : Matrix ZZ  <--- ZZ

i12 : maxCones(T)

o12 = {{0}, {1, 2}, {1, 4}, {1, 7}, {2, 3}, {4, 6}, {3, 5}, {3, 7}, {5, 6},
      -----------------------------------------------------------------------
      {6, 7}}

o12 : List

i13 : multiplicities(T)

o13 = {1, 1, 1, 1, 1, 1, 1, 1, 1, 1}

o13 : List

i14 : linealitySpace T

o14 = | 1 |
      | 1 |
      | 1 |
      | 1 |

               4        1
o14 : Matrix ZZ  <--- ZZ

i15 : 
